[35m[Appium][39m Welcome to Appium v2.5.4
[35m[Appium][39m Non-default server args:
[35m[Appium][39m { basePath: [32m'/wd/hub'[39m, loglevel: [32m'info'[39m, port: [33m51762[39m }
[35m[Appium][39m Attempting to load driver uiautomator2...
[35m[Appium][39m Attempting to load driver flutter...
[35m[Appium][39m Appium REST http interface listener started on http://0.0.0.0:51762/wd/hub
[35m[Appium][39m You can provide the following URLs in your client code to connect to this server:
[35m[Appium][39m 	http://192.168.56.1:51762/wd/hub
[35m[Appium][39m 	http://192.168.239.2:51762/wd/hub
[35m[Appium][39m 	http://192.168.0.100:51762/wd/hub
[35m[Appium][39m 	http://127.0.0.1:51762/wd/hub (only accessible from the same host)
[35m[Appium][39m Available drivers:
[35m[Appium][39m   - uiautomator2@3.3.0 (automationName 'UiAutomator2')
[35m[Appium][39m   - flutter@2.6.0 (automationName 'Flutter')
[35m[Appium][39m No plugins have been installed. Use the "appium plugin" command to install the one(s) you want to use.
[38;5;0m[HTTP][0m [37m-->[39m [37mGET[39m [37m/wd/hub/status[39m
[38;5;0m[HTTP][0m [90m{}[39m
[38;5;0m[HTTP][0m [37m<-- GET /wd/hub/status [39m[32m200[39m [90m9 ms - 110[39m
[38;5;0m[HTTP][0m [90m[39m
[38;5;0m[HTTP][0m [37m-->[39m [37mGET[39m [37m/wd/hub/status[39m
[38;5;0m[HTTP][0m [90m{}[39m
[38;5;0m[HTTP][0m [37m<-- GET /wd/hub/status [39m[32m200[39m [90m2 ms - 110[39m
[38;5;0m[HTTP][0m [90m[39m
[38;5;0m[HTTP][0m [37m-->[39m [37mPOST[39m [37m/wd/hub/session[39m
[38;5;0m[HTTP][0m [90m{"desiredCapabilities":{"appium:systemPort":51819,"appium:newCommandTimeout":1800,"appium:automationName":"uiautomator2","appium:fullReset":false,"appium:platformVersion":"11","appium:noReset":true,"appium:udid":"emulator-5554","appium:autoGrantPermissions":true,"appium:platformName":"ANDROID","appium:deviceName":"emulator-5554 (Android SDK built for x86 - Android 11)","platformName":"Android","appium:app":"C:\\Users\\abdul ghofur\\Downloads\\barbercome18.apk"},"capabilities":{"firstMatch":[{"appium:app":"C:\\Users\\abdul ghofur\\Downloads\\barbercome18.apk","appium:autoGrantPermissions":true,"appium:automationName":"uiautomator2","appium:deviceName":"emulator-5554 (Android SDK built for x86 - Android 11)","appium:fullReset":false,"appium:newCommandTimeout":1800,"appium:noReset":true,"appium:platformName":"ANDROID","appium:platformVersion":"11","appium:systemPort":51819,"appium:udid":"emulator-5554","platformName":"android"}]}}[39m
[38;5;32m[BaseDriver][0m Ignoring capability 'appium:platformName=ANDROID' and using capability 'platformName=android'
[38;5;32m[BaseDriver][0m The capabilities ["platformName"] are standard capabilities and do not require "appium:" prefix
[35m[Appium][39m Attempting to find matching driver for automationName 'uiautomator2' and platformName 'android'
[35m[Appium][39m The 'uiautomator2' driver was installed and matched caps.
[35m[Appium][39m Will require it at C:\Users\abdul ghofur\AppData\Roaming\npm\node_modules\appium\node_modules\appium-uiautomator2-driver
[38;5;16m[AppiumDriver@a11b][0m Appium v2.5.4 creating new AndroidUiautomator2Driver (v3.3.0) session
[38;5;16m[AppiumDriver@a11b][0m Checking BaseDriver versions for Appium and AndroidUiautomator2Driver
[38;5;16m[AppiumDriver@a11b][0m Appium's BaseDriver version is 9.6.0
[38;5;16m[AppiumDriver@a11b][0m AndroidUiautomator2Driver's BaseDriver version is 9.6.0
[38;5;48m[AndroidUiautomator2Driver@7da9 (43203840)][0m Session created with session id: 43203840-673d-401b-b791-a7979e568da1
[38;5;64m[ADB][0m Found 3 'build-tools' folders under 'C:\Users\abdul ghofur\AppData\Local\Android\Sdk' (newest first):
[38;5;64m[ADB][0m     C:\Users\abdul ghofur\AppData\Local\Android\Sdk\build-tools\34.0.0-rc4
[38;5;64m[ADB][0m     C:\Users\abdul ghofur\AppData\Local\Android\Sdk\build-tools\33.0.2
[38;5;64m[ADB][0m     C:\Users\abdul ghofur\AppData\Local\Android\Sdk\build-tools\30.0.3
[38;5;64m[ADB][0m Using 'adb.exe' from 'C:\Users\abdul ghofur\AppData\Local\Android\Sdk\platform-tools\adb.exe'
[38;5;48m[AndroidUiautomator2Driver@7da9 (43203840)][0m Retrieving device list
[38;5;48m[AndroidUiautomator2Driver@7da9 (43203840)][0m Using device: emulator-5554
[38;5;64m[ADB][0m Using 'adb.exe' from 'C:\Users\abdul ghofur\AppData\Local\Android\Sdk\platform-tools\adb.exe'
[38;5;32m[BaseDriver][0m Using local app 'C:\Users\abdul ghofur\Downloads\barbercome18.apk'
[38;5;64m[ADB][0m Getting device platform version
[38;5;48m[AndroidUiautomator2Driver@7da9 (43203840)][0m Relaxing hidden api policy
[38;5;64m[ADB][0m Package name: 'com.example.barbercome'
[38;5;64m[ADB][0m Main activity name: 'com.example.barbercome.MainActivity'
[38;5;64m[ADB][0m Using 'apksigner.jar' from 'C:\Users\abdul ghofur\AppData\Local\Android\Sdk\build-tools\34.0.0-rc4\lib\apksigner.jar'
[38;5;48m[AndroidUiautomator2Driver@7da9 (43203840)][0m Server packages are not going to be (re)installed
[38;5;64m[ADB][0m Adding packages ["io.appium.settings","io.appium.uiautomator2.server","io.appium.uiautomator2.server.test"] to Doze whitelist
[38;5;64m[ADB][0m 'C:\Users\abdul ghofur\Downloads\barbercome18.apk' is signed with a non-default certificate
[38;5;64m[ADB][0m The application at 'C:\Users\abdul ghofur\Downloads\barbercome18.apk' will not be cached, because the device under test has confirmed the support of streamed installs
[38;5;64m[ADB][0m The installation of 'barbercome18.apk' took 2816ms
[38;5;48m[AndroidUiautomator2Driver@7da9 (43203840)][0m Starting UIAutomator2 server 7.0.7
[38;5;48m[AndroidUiautomator2Driver@7da9 (43203840)][0m Using UIAutomator2 server from 'C:\Users\abdul ghofur\AppData\Roaming\npm\node_modules\appium\node_modules\appium-uiautomator2-driver\node_modules\appium-uiautomator2-server\apks\appium-uiautomator2-server-v7.0.7.apk' and test from 'C:\Users\abdul ghofur\AppData\Roaming\npm\node_modules\appium\node_modules\appium-uiautomator2-driver\node_modules\appium-uiautomator2-server\apks\appium-uiautomator2-server-debug-androidTest.apk'
[38;5;48m[AndroidUiautomator2Driver@7da9 (43203840)][0m Waiting up to 30000ms for UiAutomator2 to be online...
[38;5;48m[AndroidUiautomator2Driver@7da9 (43203840)][0m socket hang up
[38;5;48m[AndroidUiautomator2Driver@7da9 (43203840)][0m socket hang up
[38;5;48m[AndroidUiautomator2Driver@7da9 (43203840)][0m socket hang up
[38;5;48m[AndroidUiautomator2Driver@7da9 (43203840)][0m Determined the downstream protocol as 'W3C'
[38;5;48m[AndroidUiautomator2Driver@7da9 (43203840)][0m Screen already unlocked, doing nothing
[38;5;48m[AndroidUiautomator2Driver@7da9 (43203840)][0m Starting 'com.example.barbercome/com.example.barbercome.MainActivity and waiting for 'com.example.barbercome/com.example.barbercome.MainActivity'
[38;5;16m[AppiumDriver@a11b][0m New AndroidUiautomator2Driver session created successfully, session 43203840-673d-401b-b791-a7979e568da1 added to master session list
[38;5;0m[HTTP][0m [37m<-- POST /wd/hub/session [39m[32m200[39m [90m21121 ms - 1241[39m
[38;5;0m[HTTP][0m [90m[39m
[38;5;0m[HTTP][0m [37m-->[39m [37mGET[39m [37m/wd/hub/session/43203840-673d-401b-b791-a7979e568da1[39m
[38;5;0m[HTTP][0m [90m{}[39m
[38;5;0m[HTTP][0m [37m<-- GET /wd/hub/session/43203840-673d-401b-b791-a7979e568da1 [39m[32m200[39m [90m19 ms - 372[39m
[38;5;0m[HTTP][0m [90m[39m
[38;5;0m[HTTP][0m [37m-->[39m [37mGET[39m [37m/wd/hub/session/43203840-673d-401b-b791-a7979e568da1[39m
[38;5;0m[HTTP][0m [90m{}[39m
[38;5;0m[HTTP][0m [37m<-- GET /wd/hub/session/43203840-673d-401b-b791-a7979e568da1 [39m[32m200[39m [90m12 ms - 372[39m
[38;5;0m[HTTP][0m [90m[39m
[38;5;0m[HTTP][0m [37m-->[39m [37mGET[39m [37m/wd/hub/status[39m
[38;5;0m[HTTP][0m [90m{}[39m
[38;5;0m[HTTP][0m [37m<-- GET /wd/hub/status [39m[32m200[39m [90m1 ms - 110[39m
[38;5;0m[HTTP][0m [90m[39m
[38;5;0m[HTTP][0m [37m-->[39m [37mPOST[39m [37m/wd/hub/session/43203840-673d-401b-b791-a7979e568da1/timeouts[39m
[38;5;0m[HTTP][0m [90m{"implicit":60000}[39m
[38;5;0m[HTTP][0m [37m<-- POST /wd/hub/session/43203840-673d-401b-b791-a7979e568da1/timeouts [39m[32m200[39m [90m6 ms - 14[39m
[38;5;0m[HTTP][0m [90m[39m
[38;5;0m[HTTP][0m [37m-->[39m [37mGET[39m [37m/wd/hub/session/43203840-673d-401b-b791-a7979e568da1/source[39m
[38;5;0m[HTTP][0m [90m{}[39m
[38;5;48m[AndroidUiautomator2Driver@7da9 (43203840)][0m Driver proxy active, passing request on via HTTP proxy
[38;5;48m[AndroidUiautomator2Driver@7da9 (43203840)][0m Replacing sessionId 97bb877f-2b6b-4e6c-be17-ace18e537d2d with 43203840-673d-401b-b791-a7979e568da1
[38;5;0m[HTTP][0m [37m<-- GET /wd/hub/session/43203840-673d-401b-b791-a7979e568da1/source [39m[32m200[39m [90m219 ms - 9606[39m
[38;5;0m[HTTP][0m [90m[39m
[38;5;0m[HTTP][0m [37m-->[39m [37mGET[39m [37m/wd/hub/session/43203840-673d-401b-b791-a7979e568da1/screenshot[39m
[38;5;0m[HTTP][0m [90m{}[39m
[38;5;0m[HTTP][0m [37m<-- GET /wd/hub/session/43203840-673d-401b-b791-a7979e568da1/screenshot [39m[32m200[39m [90m714 ms - 53088[39m
[38;5;0m[HTTP][0m [90m[39m
[38;5;0m[HTTP][0m [37m-->[39m [37mPOST[39m [37m/wd/hub/session/43203840-673d-401b-b791-a7979e568da1/elements[39m
[38;5;0m[HTTP][0m [90m{"using":"xpath","value":"//*[@class = 'android.view.View' and @resource-id = '' and (@text = '' or . = '')]"}[39m
[38;5;0m[HTTP][0m [37m<-- POST /wd/hub/session/43203840-673d-401b-b791-a7979e568da1/elements [39m[32m200[39m [90m601 ms - 1547[39m
[38;5;0m[HTTP][0m [90m[39m
[38;5;0m[HTTP][0m [37m-->[39m [37mPOST[39m [37m/wd/hub/session/43203840-673d-401b-b791-a7979e568da1/elements[39m
[38;5;0m[HTTP][0m [90m{"using":"-android uiautomator","value":"new UiSelector().className(\"android.view.View\").resourceId(\"\")"}[39m
[38;5;0m[HTTP][0m [37m<-- POST /wd/hub/session/43203840-673d-401b-b791-a7979e568da1/elements [39m[32m200[39m [90m133 ms - 1547[39m
[38;5;0m[HTTP][0m [90m[39m
[38;5;0m[HTTP][0m [37m-->[39m [37mGET[39m [37m/wd/hub/session/43203840-673d-401b-b791-a7979e568da1/window/rect[39m
[38;5;0m[HTTP][0m [90m{}[39m
[38;5;0m[HTTP][0m [37m<-- GET /wd/hub/session/43203840-673d-401b-b791-a7979e568da1/window/rect [39m[32m200[39m [90m21 ms - 50[39m
[38;5;0m[HTTP][0m [90m[39m
[38;5;0m[HTTP][0m [37m-->[39m [37mPOST[39m [37m/wd/hub/session/43203840-673d-401b-b791-a7979e568da1/elements[39m
[38;5;0m[HTTP][0m [90m{"using":"xpath","value":"//hierarchy/android.widget.FrameLayout[1]/android.widget.LinearLayout[1]/android.widget.FrameLayout[1]/android.widget.FrameLayout[1]/android.view.View[1]/android.view.View[1]/android.view.View[1]/android.view.View[1]"}[39m
[38;5;0m[HTTP][0m [37m<-- POST /wd/hub/session/43203840-673d-401b-b791-a7979e568da1/elements [39m[32m200[39m [90m101 ms - 139[39m
[38;5;0m[HTTP][0m [90m[39m
[38;5;0m[HTTP][0m [37m-->[39m [37mGET[39m [37m/wd/hub/session/43203840-673d-401b-b791-a7979e568da1/element/00000000-0000-015a-0000-000300000003/location[39m
[38;5;0m[HTTP][0m [90m{}[39m
[38;5;48m[AndroidUiautomator2Driver@7da9 (43203840)][0m Driver proxy active, passing request on via HTTP proxy
[38;5;48m[AndroidUiautomator2Driver@7da9 (43203840)][0m Replacing sessionId 97bb877f-2b6b-4e6c-be17-ace18e537d2d with 43203840-673d-401b-b791-a7979e568da1
[38;5;0m[HTTP][0m [37m<-- GET /wd/hub/session/43203840-673d-401b-b791-a7979e568da1/element/00000000-0000-015a-0000-000300000003/location [39m[32m200[39m [90m25 ms - 74[39m
[38;5;0m[HTTP][0m [90m[39m
[38;5;0m[HTTP][0m [37m-->[39m [37mPOST[39m [37m/wd/hub/session/43203840-673d-401b-b791-a7979e568da1/element/00000000-0000-015a-0000-000300000003/click[39m
[38;5;0m[HTTP][0m [90m{"id":"00000000-0000-015a-0000-000300000003"}[39m
[38;5;0m[HTTP][0m [37m<-- POST /wd/hub/session/43203840-673d-401b-b791-a7979e568da1/element/00000000-0000-015a-0000-000300000003/click [39m[32m200[39m [90m69 ms - 14[39m
[38;5;0m[HTTP][0m [90m[39m
[38;5;0m[HTTP][0m [37m-->[39m [37mGET[39m [37m/wd/hub/session/43203840-673d-401b-b791-a7979e568da1/source[39m
[38;5;0m[HTTP][0m [90m{}[39m
[38;5;48m[AndroidUiautomator2Driver@7da9 (43203840)][0m Driver proxy active, passing request on via HTTP proxy
[38;5;48m[AndroidUiautomator2Driver@7da9 (43203840)][0m Replacing sessionId 97bb877f-2b6b-4e6c-be17-ace18e537d2d with 43203840-673d-401b-b791-a7979e568da1
[38;5;0m[HTTP][0m [37m<-- GET /wd/hub/session/43203840-673d-401b-b791-a7979e568da1/source [39m[32m200[39m [90m72 ms - 10444[39m
[38;5;0m[HTTP][0m [90m[39m
[38;5;0m[HTTP][0m [37m-->[39m [37mGET[39m [37m/wd/hub/session/43203840-673d-401b-b791-a7979e568da1/screenshot[39m
[38;5;0m[HTTP][0m [90m{}[39m
[38;5;0m[HTTP][0m [37m<-- GET /wd/hub/session/43203840-673d-401b-b791-a7979e568da1/screenshot [39m[32m200[39m [90m1162 ms - 999680[39m
[38;5;0m[HTTP][0m [90m[39m
[38;5;0m[HTTP][0m [37m-->[39m [37mDELETE[39m [37m/wd/hub/session/43203840-673d-401b-b791-a7979e568da1[39m
[38;5;0m[HTTP][0m [90m{}[39m
[38;5;16m[AppiumDriver@a11b][0m Removing session 43203840-673d-401b-b791-a7979e568da1 from our master session list
[38;5;48m[AndroidUiautomator2Driver@7da9 (43203840)][0m Did not get confirmation UiAutomator2 deleteSession worked; Error was: UnknownError: An unknown server-side error occurred while processing the command. Original error: 'DELETE /' cannot be proxied to UiAutomator2 server because the instrumentation process is not running (probably crashed). Check the server log and/or the logcat output for more details
[38;5;64m[ADB][0m Error sending command, reconnecting device and retrying: forward,--remove,tcp:51819
[38;5;0m[HTTP][0m [37m<-- DELETE /wd/hub/session/43203840-673d-401b-b791-a7979e568da1 [39m[32m-[39m [90m- ms - -[39m
[38;5;0m[HTTP][0m [90m[39m
[38;5;48m[AndroidUiautomator2Driver@7da9 (43203840)][0m Unable to remove system port forward: Could not find a connected Android device in 20000ms
[38;5;48m[AndroidUiautomator2Driver@7da9 (43203840)][0m Restoring hidden api policy to the device default configuration
[38;5;48m[AndroidUiautomator2Driver@7da9 (43203840)][0m Shutting down because we waited 1800 seconds for a command
[38;5;16m[AppiumDriver@a11b][0m Ending session, cause was 'New Command Timeout of 1800 seconds expired. Try customizing the timeout using the 'newCommandTimeout' desired capability'
[38;5;16m[AppiumDriver@a11b][0m Removing session '43203840-673d-401b-b791-a7979e568da1' from our master session list
[38;5;48m[AndroidUiautomator2Driver@7da9 (43203840)][0m Did not get confirmation UiAutomator2 deleteSession worked; Error was: UnknownError: An unknown server-side error occurred while processing the command. Original error: 'DELETE /' cannot be proxied to UiAutomator2 server because the instrumentation process is not running (probably crashed). Check the server log and/or the logcat output for more details
[38;5;64m[ADB][0m Error sending command, reconnecting device and retrying: forward,--remove,tcp:51819
[38;5;48m[AndroidUiautomator2Driver@7da9 (43203840)][0m Unable to remove system port forward: Could not find a connected Android device in 20000ms
[38;5;48m[AndroidUiautomator2Driver@7da9 (43203840)][0m Restoring hidden api policy to the device default configuration
